2021-04-02 12:15:08,622:INFO:PyCaret Supervised Module
2021-04-02 12:15:08,622:INFO:ML Usecase: clustering
2021-04-02 12:15:08,622:INFO:version 2.2.3
2021-04-02 12:15:08,622:INFO:Initializing setup()
2021-04-02 12:15:08,622:INFO:setup(target=None, ml_usecase=clustering, available_plots={'cluster': 'Cluster PCA Plot (2d)', 'tsne': 'Cluster TSnE (3d)', 'elbow': 'Elbow', 'silhouette': 'Silhouette', 'distance': 'Distance', 'distribution': 'Distribution'}, train_size=0.7, test_data=None, preprocess=True, imputation_type=simple, iterative_imputation_iters=5, categorical_features=None, categorical_imputation=mode, categorical_iterative_imputer=lightgbm, ordinal_features=None, high_cardinality_features=None, high_cardinality_method=frequency, numeric_features=None, numeric_imputation=mean, numeric_iterative_imputer=lightgbm, date_features=None, ignore_features=['MouseID'], normalize=True, normalize_method=zscore, transformation=False, transformation_method=yeo-johnson, handle_unknown_categorical=True, unknown_categorical_method=least_frequent, pca=False, pca_method=linear, pca_components=None, ignore_low_variance=False, combine_rare_levels=False, rare_level_threshold=0.1, bin_numeric_features=None, remove_outliers=False, outliers_threshold=0.05, remove_multicollinearity=False, multicollinearity_threshold=0.9, remove_perfect_collinearity=False, create_clusters=False, cluster_iter=20, polynomial_features=False, polynomial_degree=2, trigonometry_features=False, polynomial_threshold=0.1, group_features=None, group_names=None, feature_selection=False, feature_selection_threshold=0.8, feature_selection_method=classic, feature_interaction=False, feature_ratio=False, interaction_threshold=0.01, fix_imbalance=False, fix_imbalance_method=None, transform_target=False, transform_target_method=box-cox, data_split_shuffle=False, data_split_stratify=False, fold_strategy=kfold, fold=10, fold_shuffle=False, fold_groups=None, n_jobs=-1, use_gpu=False, custom_pipeline=None, html=True, session_id=123, log_experiment=False, experiment_name=None, log_plots=False, log_profile=False, log_data=False, silent=False, verbose=True, profile=False, profile_kwargs=None, display=None)
2021-04-02 12:15:08,622:INFO:Checking environment
2021-04-02 12:15:08,622:INFO:python_version: 3.8.5
2021-04-02 12:15:08,622:INFO:python_build: ('default', 'Sep  3 2020 21:29:08')
2021-04-02 12:15:08,622:INFO:machine: AMD64
2021-04-02 12:15:08,622:INFO:platform: Windows-10-10.0.19041-SP0
2021-04-02 12:15:08,622:INFO:Memory: svmem(total=17008857088, available=10637647872, percent=37.5, used=6371209216, free=10637647872)
2021-04-02 12:15:08,622:INFO:Physical Core: 6
2021-04-02 12:15:08,622:INFO:Logical Core: 12
2021-04-02 12:15:08,622:INFO:Checking libraries
2021-04-02 12:15:08,622:INFO:pd==1.1.3
2021-04-02 12:15:08,622:INFO:numpy==1.19.2
2021-04-02 12:15:08,622:INFO:sklearn==0.23.2
2021-04-02 12:15:08,655:INFO:xgboost==1.3.1
2021-04-02 12:15:08,655:INFO:lightgbm==3.1.1
2021-04-02 12:15:08,729:INFO:catboost==0.24.4
2021-04-02 12:15:09,513:INFO:mlflow==1.13.1
2021-04-02 12:15:09,513:INFO:Checking Exceptions
2021-04-02 12:16:01,717:INFO:PyCaret Supervised Module
2021-04-02 12:16:01,717:INFO:ML Usecase: clustering
2021-04-02 12:16:01,718:INFO:version 2.2.3
2021-04-02 12:16:01,718:INFO:Initializing setup()
2021-04-02 12:16:01,718:INFO:setup(target=None, ml_usecase=clustering, available_plots={'cluster': 'Cluster PCA Plot (2d)', 'tsne': 'Cluster TSnE (3d)', 'elbow': 'Elbow', 'silhouette': 'Silhouette', 'distance': 'Distance', 'distribution': 'Distribution'}, train_size=0.7, test_data=None, preprocess=True, imputation_type=simple, iterative_imputation_iters=5, categorical_features=None, categorical_imputation=mode, categorical_iterative_imputer=lightgbm, ordinal_features=None, high_cardinality_features=None, high_cardinality_method=frequency, numeric_features=None, numeric_imputation=mean, numeric_iterative_imputer=lightgbm, date_features=None, ignore_features=None, normalize=True, normalize_method=zscore, transformation=False, transformation_method=yeo-johnson, handle_unknown_categorical=True, unknown_categorical_method=least_frequent, pca=False, pca_method=linear, pca_components=None, ignore_low_variance=False, combine_rare_levels=False, rare_level_threshold=0.1, bin_numeric_features=None, remove_outliers=False, outliers_threshold=0.05, remove_multicollinearity=False, multicollinearity_threshold=0.9, remove_perfect_collinearity=False, create_clusters=False, cluster_iter=20, polynomial_features=False, polynomial_degree=2, trigonometry_features=False, polynomial_threshold=0.1, group_features=None, group_names=None, feature_selection=False, feature_selection_threshold=0.8, feature_selection_method=classic, feature_interaction=False, feature_ratio=False, interaction_threshold=0.01, fix_imbalance=False, fix_imbalance_method=None, transform_target=False, transform_target_method=box-cox, data_split_shuffle=False, data_split_stratify=False, fold_strategy=kfold, fold=10, fold_shuffle=False, fold_groups=None, n_jobs=-1, use_gpu=False, custom_pipeline=None, html=True, session_id=123, log_experiment=False, experiment_name=None, log_plots=False, log_profile=False, log_data=False, silent=False, verbose=True, profile=False, profile_kwargs=None, display=None)
2021-04-02 12:16:01,718:INFO:Checking environment
2021-04-02 12:16:01,718:INFO:python_version: 3.8.5
2021-04-02 12:16:01,718:INFO:python_build: ('default', 'Sep  3 2020 21:29:08')
2021-04-02 12:16:01,718:INFO:machine: AMD64
2021-04-02 12:16:01,718:INFO:platform: Windows-10-10.0.19041-SP0
2021-04-02 12:16:01,718:INFO:Memory: svmem(total=17008857088, available=10559778816, percent=37.9, used=6449078272, free=10559778816)
2021-04-02 12:16:01,718:INFO:Physical Core: 6
2021-04-02 12:16:01,718:INFO:Logical Core: 12
2021-04-02 12:16:01,718:INFO:Checking libraries
2021-04-02 12:16:01,718:INFO:pd==1.1.3
2021-04-02 12:16:01,718:INFO:numpy==1.19.2
2021-04-02 12:16:01,718:INFO:sklearn==0.23.2
2021-04-02 12:16:01,718:INFO:xgboost==1.3.1
2021-04-02 12:16:01,718:INFO:lightgbm==3.1.1
2021-04-02 12:16:01,718:INFO:catboost==0.24.4
2021-04-02 12:16:01,719:INFO:mlflow==1.13.1
2021-04-02 12:16:01,719:INFO:Checking Exceptions
2021-04-02 12:16:01,719:INFO:Declaring global variables
2021-04-02 12:16:01,719:INFO:USI: 2761
2021-04-02 12:16:01,719:INFO:pycaret_globals: {'html_param', '_internal_pipeline', 'pycaret_globals', 'prep_pipe', 'imputation_classifier', 'transform_target_param', 'n_jobs_param', 'master_model_container', 'USI', 'fold_generator', 'logging_param', '_all_models_internal', 'fix_imbalance_param', 'fold_shuffle_param', 'transform_target_method_param', 'stratify_param', 'imputation_regressor', 'display_container', 'exp_name_log', 'iterative_imputation_iters_param', 'fold_param', 'fix_imbalance_method_param', 'fold_groups_param', 'log_plots_param', '_all_metrics', '_available_plots', 'X', 'data_before_preprocess', 'create_model_container', 'experiment__', '_ml_usecase', 'seed', 'gpu_param', '_all_models', '_gpu_n_jobs_param', 'target_param'}
2021-04-02 12:16:01,719:INFO:Preparing display monitor
2021-04-02 12:16:01,719:INFO:Preparing display monitor
2021-04-02 12:16:01,730:INFO:Importing libraries
2021-04-02 12:16:01,730:INFO:Copying data for preprocessing
2021-04-02 12:16:01,735:INFO:Declaring preprocessing parameters
2021-04-02 12:16:01,737:INFO:Creating preprocessing pipeline
2021-04-02 12:16:01,743:INFO:Preprocessing pipeline created successfully
2021-04-02 12:16:01,743:ERROR:(Process Exit): setup has been interupted with user command 'quit'. setup must rerun.
2021-04-02 12:16:01,743:INFO:Creating global containers
2021-04-02 12:16:01,744:INFO:Internal pipeline: Pipeline(memory=None, steps=[('empty_step', 'passthrough')], verbose=False)
2021-04-02 12:20:47,644:INFO:PyCaret Supervised Module
2021-04-02 12:20:47,644:INFO:ML Usecase: clustering
2021-04-02 12:20:47,644:INFO:version 2.2.3
2021-04-02 12:20:47,644:INFO:Initializing setup()
2021-04-02 12:20:47,644:INFO:setup(target=None, ml_usecase=clustering, available_plots={'cluster': 'Cluster PCA Plot (2d)', 'tsne': 'Cluster TSnE (3d)', 'elbow': 'Elbow', 'silhouette': 'Silhouette', 'distance': 'Distance', 'distribution': 'Distribution'}, train_size=0.7, test_data=None, preprocess=True, imputation_type=simple, iterative_imputation_iters=5, categorical_features=None, categorical_imputation=mode, categorical_iterative_imputer=lightgbm, ordinal_features=None, high_cardinality_features=None, high_cardinality_method=frequency, numeric_features=None, numeric_imputation=mean, numeric_iterative_imputer=lightgbm, date_features=None, ignore_features=None, normalize=True, normalize_method=zscore, transformation=False, transformation_method=yeo-johnson, handle_unknown_categorical=True, unknown_categorical_method=least_frequent, pca=False, pca_method=linear, pca_components=None, ignore_low_variance=False, combine_rare_levels=False, rare_level_threshold=0.1, bin_numeric_features=None, remove_outliers=False, outliers_threshold=0.05, remove_multicollinearity=False, multicollinearity_threshold=0.9, remove_perfect_collinearity=False, create_clusters=False, cluster_iter=20, polynomial_features=False, polynomial_degree=2, trigonometry_features=False, polynomial_threshold=0.1, group_features=None, group_names=None, feature_selection=False, feature_selection_threshold=0.8, feature_selection_method=classic, feature_interaction=False, feature_ratio=False, interaction_threshold=0.01, fix_imbalance=False, fix_imbalance_method=None, transform_target=False, transform_target_method=box-cox, data_split_shuffle=False, data_split_stratify=False, fold_strategy=kfold, fold=10, fold_shuffle=False, fold_groups=None, n_jobs=-1, use_gpu=False, custom_pipeline=None, html=True, session_id=123, log_experiment=False, experiment_name=None, log_plots=False, log_profile=False, log_data=False, silent=False, verbose=True, profile=False, profile_kwargs=None, display=None)
2021-04-02 12:20:47,645:INFO:Checking environment
2021-04-02 12:20:47,645:INFO:python_version: 3.8.5
2021-04-02 12:20:47,645:INFO:python_build: ('default', 'Sep  3 2020 21:29:08')
2021-04-02 12:20:47,645:INFO:machine: AMD64
2021-04-02 12:20:47,645:INFO:platform: Windows-10-10.0.19041-SP0
2021-04-02 12:20:47,645:INFO:Memory: svmem(total=17008857088, available=10606342144, percent=37.6, used=6402514944, free=10606342144)
2021-04-02 12:20:47,645:INFO:Physical Core: 6
2021-04-02 12:20:47,645:INFO:Logical Core: 12
2021-04-02 12:20:47,645:INFO:Checking libraries
2021-04-02 12:20:47,645:INFO:pd==1.1.3
2021-04-02 12:20:47,645:INFO:numpy==1.19.2
2021-04-02 12:20:47,645:INFO:sklearn==0.23.2
2021-04-02 12:20:47,645:INFO:xgboost==1.3.1
2021-04-02 12:20:47,645:INFO:lightgbm==3.1.1
2021-04-02 12:20:47,645:INFO:catboost==0.24.4
2021-04-02 12:20:47,645:INFO:mlflow==1.13.1
2021-04-02 12:20:47,646:INFO:Checking Exceptions
2021-04-02 12:20:47,646:INFO:Declaring global variables
2021-04-02 12:20:47,646:INFO:USI: 4f61
2021-04-02 12:20:47,646:INFO:pycaret_globals: {'html_param', '_internal_pipeline', 'pycaret_globals', 'prep_pipe', 'imputation_classifier', 'transform_target_param', 'n_jobs_param', 'master_model_container', 'USI', 'fold_generator', 'logging_param', '_all_models_internal', 'fix_imbalance_param', 'fold_shuffle_param', 'transform_target_method_param', 'stratify_param', 'imputation_regressor', 'display_container', 'exp_name_log', 'iterative_imputation_iters_param', 'fold_param', 'fix_imbalance_method_param', 'fold_groups_param', 'log_plots_param', '_all_metrics', '_available_plots', 'X', 'data_before_preprocess', 'create_model_container', 'experiment__', '_ml_usecase', 'seed', 'gpu_param', '_all_models', '_gpu_n_jobs_param', 'target_param'}
2021-04-02 12:20:47,646:INFO:Preparing display monitor
2021-04-02 12:20:47,646:INFO:Preparing display monitor
2021-04-02 12:20:47,656:INFO:Importing libraries
2021-04-02 12:20:47,656:INFO:Copying data for preprocessing
2021-04-02 12:20:47,662:INFO:Declaring preprocessing parameters
2021-04-02 12:20:47,664:INFO:Creating preprocessing pipeline
2021-04-02 12:20:47,668:INFO:Preprocessing pipeline created successfully
2021-04-02 12:20:47,668:ERROR:(Process Exit): setup has been interupted with user command 'quit'. setup must rerun.
2021-04-02 12:20:47,668:INFO:Creating global containers
2021-04-02 12:20:47,669:INFO:Internal pipeline: Pipeline(memory=None, steps=[('empty_step', 'passthrough')], verbose=False)
2021-04-02 12:20:59,282:INFO:Creating grid variables
2021-04-02 12:20:59,297:INFO:create_model_container: 0
2021-04-02 12:20:59,297:INFO:master_model_container: 0
2021-04-02 12:20:59,297:INFO:display_container: 1
2021-04-02 12:20:59,301:INFO:Pipeline(memory=None,
         steps=[('dtypes',
                 DataTypes_Auto_infer(categorical_features=[],
                                      display_types=True, features_todrop=[],
                                      id_columns=[], ml_usecase='regression',
                                      numerical_features=[],
                                      target='UNSUPERVISED_DUMMY_TARGET',
                                      time_features=[])),
                ('imputer',
                 Simple_Imputer(categorical_strategy='most frequent',
                                fill_value_categorical=None,
                                fill_value_numerical=None...
                ('P_transform', 'passthrough'), ('binn', 'passthrough'),
                ('rem_outliers', 'passthrough'), ('cluster_all', 'passthrough'),
                ('dummy', Dummify(target='UNSUPERVISED_DUMMY_TARGET')),
                ('fix_perfect', 'passthrough'),
                ('clean_names', Clean_Colum_Names()),
                ('feature_select', 'passthrough'), ('fix_multi', 'passthrough'),
                ('dfs', 'passthrough'), ('pca', 'passthrough')],
         verbose=False)
2021-04-02 12:20:59,301:INFO:setup() succesfully completed......................................
2021-04-02 12:28:21,262:INFO:gpu_param set to False
2021-04-02 12:40:33,205:INFO:Initializing create_model()
2021-04-02 12:40:33,205:INFO:create_model(estimator=kmodes, num_clusters=6, fraction=0.05, ground_truth=None, round=4, fit_kwargs=None, verbose=True, system=True, raise_num_clusters=False, display=None, kwargs={})
2021-04-02 12:40:33,205:INFO:Checking exceptions
2021-04-02 12:40:33,205:INFO:Preparing display monitor
2021-04-02 12:40:33,220:INFO:Importing libraries
2021-04-02 12:40:33,227:INFO:Importing untrained model
2021-04-02 12:40:33,235:INFO:K-Modes Clustering Imported succesfully
2021-04-02 12:40:33,243:INFO:Fitting Model
2021-04-02 12:40:34,347:INFO:KModes(cat_dissim=<function matching_dissim at 0x000001F857725700>, init='Cao',
       max_iter=100, n_clusters=6, n_init=1, n_jobs=-1, random_state=123,
       verbose=0)
2021-04-02 12:40:34,347:INFO:create_models() succesfully completed......................................
2021-04-02 12:40:34,347:INFO:Uploading results into container
2021-04-02 12:40:34,350:INFO:Uploading model into container now
2021-04-02 12:40:34,355:INFO:create_model_container: 1
2021-04-02 12:40:34,355:INFO:master_model_container: 1
2021-04-02 12:40:34,355:INFO:display_container: 2
2021-04-02 12:40:34,355:INFO:KModes(cat_dissim=<function matching_dissim at 0x000001F857725700>, init='Cao',
       max_iter=100, n_clusters=6, n_init=1, n_jobs=-1, random_state=123,
       verbose=0)
2021-04-02 12:40:34,355:INFO:create_model() succesfully completed......................................
2021-04-02 12:43:20,363:INFO:Initializing create_model()
2021-04-02 12:43:20,363:INFO:create_model(estimator=kmeans, num_clusters=4, fraction=0.05, ground_truth=None, round=4, fit_kwargs=None, verbose=True, system=True, raise_num_clusters=False, display=None, kwargs={})
2021-04-02 12:43:20,363:INFO:Checking exceptions
2021-04-02 12:43:20,363:INFO:Preparing display monitor
2021-04-02 12:43:20,379:INFO:Importing libraries
2021-04-02 12:43:20,385:INFO:Importing untrained model
2021-04-02 12:43:20,393:INFO:K-Means Clustering Imported succesfully
2021-04-02 12:43:20,400:INFO:Fitting Model
2021-04-02 12:43:20,443:INFO:KMeans(algorithm='auto', copy_x=True, init='k-means++', max_iter=300,
       n_clusters=4, n_init=10, n_jobs=-1, precompute_distances='deprecated',
       random_state=123, tol=0.0001, verbose=0)
2021-04-02 12:43:20,443:INFO:create_models() succesfully completed......................................
2021-04-02 12:43:20,444:INFO:Uploading results into container
2021-04-02 12:43:20,446:INFO:Uploading model into container now
2021-04-02 12:43:20,451:INFO:create_model_container: 2
2021-04-02 12:43:20,451:INFO:master_model_container: 2
2021-04-02 12:43:20,451:INFO:display_container: 3
2021-04-02 12:43:20,452:INFO:KMeans(algorithm='auto', copy_x=True, init='k-means++', max_iter=300,
       n_clusters=4, n_init=10, n_jobs=-1, precompute_distances='deprecated',
       random_state=123, tol=0.0001, verbose=0)
2021-04-02 12:43:20,452:INFO:create_model() succesfully completed......................................
2021-04-02 13:07:43,743:INFO:PyCaret Supervised Module
2021-04-02 13:07:43,743:INFO:ML Usecase: clustering
2021-04-02 13:07:43,743:INFO:version 2.2.3
2021-04-02 13:07:43,744:INFO:Initializing setup()
2021-04-02 13:07:43,744:INFO:setup(target=None, ml_usecase=clustering, available_plots={'cluster': 'Cluster PCA Plot (2d)', 'tsne': 'Cluster TSnE (3d)', 'elbow': 'Elbow', 'silhouette': 'Silhouette', 'distance': 'Distance', 'distribution': 'Distribution'}, train_size=0.7, test_data=None, preprocess=True, imputation_type=simple, iterative_imputation_iters=5, categorical_features=None, categorical_imputation=mode, categorical_iterative_imputer=lightgbm, ordinal_features=None, high_cardinality_features=None, high_cardinality_method=frequency, numeric_features=None, numeric_imputation=mean, numeric_iterative_imputer=lightgbm, date_features=None, ignore_features=None, normalize=True, normalize_method=zscore, transformation=False, transformation_method=yeo-johnson, handle_unknown_categorical=True, unknown_categorical_method=least_frequent, pca=False, pca_method=linear, pca_components=None, ignore_low_variance=False, combine_rare_levels=False, rare_level_threshold=0.1, bin_numeric_features=None, remove_outliers=False, outliers_threshold=0.05, remove_multicollinearity=False, multicollinearity_threshold=0.9, remove_perfect_collinearity=False, create_clusters=False, cluster_iter=20, polynomial_features=False, polynomial_degree=2, trigonometry_features=False, polynomial_threshold=0.1, group_features=None, group_names=None, feature_selection=False, feature_selection_threshold=0.8, feature_selection_method=classic, feature_interaction=False, feature_ratio=False, interaction_threshold=0.01, fix_imbalance=False, fix_imbalance_method=None, transform_target=False, transform_target_method=box-cox, data_split_shuffle=False, data_split_stratify=False, fold_strategy=kfold, fold=10, fold_shuffle=False, fold_groups=None, n_jobs=-1, use_gpu=False, custom_pipeline=None, html=True, session_id=123, log_experiment=False, experiment_name=None, log_plots=False, log_profile=False, log_data=False, silent=False, verbose=True, profile=False, profile_kwargs=None, display=None)
2021-04-02 13:07:43,744:INFO:Checking environment
2021-04-02 13:07:43,744:INFO:python_version: 3.8.5
2021-04-02 13:07:43,744:INFO:python_build: ('default', 'Sep  3 2020 21:29:08')
2021-04-02 13:07:43,744:INFO:machine: AMD64
2021-04-02 13:07:43,744:INFO:platform: Windows-10-10.0.19041-SP0
2021-04-02 13:07:43,744:INFO:Memory: svmem(total=17008857088, available=10763816960, percent=36.7, used=6245040128, free=10763816960)
2021-04-02 13:07:43,744:INFO:Physical Core: 6
2021-04-02 13:07:43,744:INFO:Logical Core: 12
2021-04-02 13:07:43,744:INFO:Checking libraries
2021-04-02 13:07:43,744:INFO:pd==1.1.3
2021-04-02 13:07:43,745:INFO:numpy==1.19.2
2021-04-02 13:07:43,745:INFO:sklearn==0.23.2
2021-04-02 13:07:43,745:INFO:xgboost==1.3.1
2021-04-02 13:07:43,745:INFO:lightgbm==3.1.1
2021-04-02 13:07:43,745:INFO:catboost==0.24.4
2021-04-02 13:07:43,745:INFO:mlflow==1.13.1
2021-04-02 13:07:43,745:INFO:Checking Exceptions
2021-04-02 13:07:57,402:INFO:PyCaret Supervised Module
2021-04-02 13:07:57,402:INFO:ML Usecase: clustering
2021-04-02 13:07:57,402:INFO:version 2.2.3
2021-04-02 13:07:57,402:INFO:Initializing setup()
2021-04-02 13:07:57,402:INFO:setup(target=None, ml_usecase=clustering, available_plots={'cluster': 'Cluster PCA Plot (2d)', 'tsne': 'Cluster TSnE (3d)', 'elbow': 'Elbow', 'silhouette': 'Silhouette', 'distance': 'Distance', 'distribution': 'Distribution'}, train_size=0.7, test_data=None, preprocess=True, imputation_type=simple, iterative_imputation_iters=5, categorical_features=None, categorical_imputation=mode, categorical_iterative_imputer=lightgbm, ordinal_features=None, high_cardinality_features=None, high_cardinality_method=frequency, numeric_features=None, numeric_imputation=mean, numeric_iterative_imputer=lightgbm, date_features=None, ignore_features=None, normalize=True, normalize_method=zscore, transformation=False, transformation_method=yeo-johnson, handle_unknown_categorical=True, unknown_categorical_method=least_frequent, pca=False, pca_method=linear, pca_components=None, ignore_low_variance=False, combine_rare_levels=False, rare_level_threshold=0.1, bin_numeric_features=None, remove_outliers=False, outliers_threshold=0.05, remove_multicollinearity=False, multicollinearity_threshold=0.9, remove_perfect_collinearity=False, create_clusters=False, cluster_iter=20, polynomial_features=False, polynomial_degree=2, trigonometry_features=False, polynomial_threshold=0.1, group_features=None, group_names=None, feature_selection=False, feature_selection_threshold=0.8, feature_selection_method=classic, feature_interaction=False, feature_ratio=False, interaction_threshold=0.01, fix_imbalance=False, fix_imbalance_method=None, transform_target=False, transform_target_method=box-cox, data_split_shuffle=False, data_split_stratify=False, fold_strategy=kfold, fold=10, fold_shuffle=False, fold_groups=None, n_jobs=-1, use_gpu=False, custom_pipeline=None, html=True, session_id=123, log_experiment=False, experiment_name=None, log_plots=False, log_profile=False, log_data=False, silent=False, verbose=True, profile=False, profile_kwargs=None, display=None)
2021-04-02 13:07:57,402:INFO:Checking environment
2021-04-02 13:07:57,402:INFO:python_version: 3.8.5
2021-04-02 13:07:57,402:INFO:python_build: ('default', 'Sep  3 2020 21:29:08')
2021-04-02 13:07:57,403:INFO:machine: AMD64
2021-04-02 13:07:57,403:INFO:platform: Windows-10-10.0.19041-SP0
2021-04-02 13:07:57,403:INFO:Memory: svmem(total=17008857088, available=10781057024, percent=36.6, used=6227800064, free=10781057024)
2021-04-02 13:07:57,403:INFO:Physical Core: 6
2021-04-02 13:07:57,403:INFO:Logical Core: 12
2021-04-02 13:07:57,403:INFO:Checking libraries
2021-04-02 13:07:57,403:INFO:pd==1.1.3
2021-04-02 13:07:57,403:INFO:numpy==1.19.2
2021-04-02 13:07:57,403:INFO:sklearn==0.23.2
2021-04-02 13:07:57,403:INFO:xgboost==1.3.1
2021-04-02 13:07:57,403:INFO:lightgbm==3.1.1
2021-04-02 13:07:57,403:INFO:catboost==0.24.4
2021-04-02 13:07:57,403:INFO:mlflow==1.13.1
2021-04-02 13:07:57,403:INFO:Checking Exceptions
2021-04-02 13:07:57,403:INFO:Declaring global variables
2021-04-02 13:07:57,404:INFO:USI: db58
2021-04-02 13:07:57,404:INFO:pycaret_globals: {'html_param', '_internal_pipeline', 'pycaret_globals', 'prep_pipe', 'imputation_classifier', 'transform_target_param', 'n_jobs_param', 'master_model_container', 'USI', 'fold_generator', 'logging_param', '_all_models_internal', 'fix_imbalance_param', 'fold_shuffle_param', 'transform_target_method_param', 'stratify_param', 'imputation_regressor', 'display_container', 'exp_name_log', 'iterative_imputation_iters_param', 'fold_param', 'fix_imbalance_method_param', 'fold_groups_param', 'log_plots_param', '_all_metrics', '_available_plots', 'X', 'data_before_preprocess', 'create_model_container', 'experiment__', '_ml_usecase', 'seed', 'gpu_param', '_all_models', '_gpu_n_jobs_param', 'target_param'}
2021-04-02 13:07:57,404:INFO:Preparing display monitor
2021-04-02 13:07:57,404:INFO:Preparing display monitor
2021-04-02 13:07:57,412:INFO:Importing libraries
2021-04-02 13:07:57,413:INFO:Copying data for preprocessing
2021-04-02 13:07:57,421:INFO:Declaring preprocessing parameters
2021-04-02 13:07:57,424:INFO:Creating preprocessing pipeline
2021-04-02 13:07:57,429:INFO:Preprocessing pipeline created successfully
2021-04-02 13:07:57,429:ERROR:(Process Exit): setup has been interupted with user command 'quit'. setup must rerun.
2021-04-02 13:07:57,429:INFO:Creating global containers
2021-04-02 13:07:57,429:INFO:Internal pipeline: Pipeline(memory=None, steps=[('empty_step', 'passthrough')], verbose=False)
2021-04-02 13:08:02,970:INFO:Creating grid variables
2021-04-02 13:08:02,979:INFO:create_model_container: 0
2021-04-02 13:08:02,980:INFO:master_model_container: 0
2021-04-02 13:08:02,980:INFO:display_container: 1
2021-04-02 13:08:02,984:INFO:Pipeline(memory=None,
         steps=[('dtypes',
                 DataTypes_Auto_infer(categorical_features=[],
                                      display_types=True, features_todrop=[],
                                      id_columns=['Overall rank'],
                                      ml_usecase='regression',
                                      numerical_features=[],
                                      target='UNSUPERVISED_DUMMY_TARGET',
                                      time_features=[])),
                ('imputer',
                 Simple_Imputer(categorical_strategy='most frequent',
                                fill_value_categorical=None,
                                fill_value_n...
                ('P_transform', 'passthrough'), ('binn', 'passthrough'),
                ('rem_outliers', 'passthrough'), ('cluster_all', 'passthrough'),
                ('dummy', Dummify(target='UNSUPERVISED_DUMMY_TARGET')),
                ('fix_perfect', 'passthrough'),
                ('clean_names', Clean_Colum_Names()),
                ('feature_select', 'passthrough'), ('fix_multi', 'passthrough'),
                ('dfs', 'passthrough'), ('pca', 'passthrough')],
         verbose=False)
2021-04-02 13:08:02,985:INFO:setup() succesfully completed......................................
2021-04-02 13:09:03,638:INFO:Initializing create_model()
2021-04-02 13:09:03,638:INFO:create_model(estimator=kmeans, num_clusters=4, fraction=0.05, ground_truth=None, round=4, fit_kwargs=None, verbose=True, system=True, raise_num_clusters=False, display=None, kwargs={})
2021-04-02 13:09:03,638:INFO:Checking exceptions
2021-04-02 13:09:03,638:INFO:Preparing display monitor
2021-04-02 13:09:03,652:INFO:Importing libraries
2021-04-02 13:09:03,658:INFO:Importing untrained model
2021-04-02 13:09:03,664:INFO:K-Means Clustering Imported succesfully
2021-04-02 13:09:03,670:INFO:Fitting Model
2021-04-02 13:09:03,718:INFO:KMeans(algorithm='auto', copy_x=True, init='k-means++', max_iter=300,
       n_clusters=4, n_init=10, n_jobs=-1, precompute_distances='deprecated',
       random_state=123, tol=0.0001, verbose=0)
2021-04-02 13:09:03,718:INFO:create_models() succesfully completed......................................
2021-04-02 13:09:03,719:INFO:Uploading results into container
2021-04-02 13:09:03,721:INFO:Uploading model into container now
2021-04-02 13:09:03,727:INFO:create_model_container: 1
2021-04-02 13:09:03,727:INFO:master_model_container: 1
2021-04-02 13:09:03,727:INFO:display_container: 2
2021-04-02 13:09:03,728:INFO:KMeans(algorithm='auto', copy_x=True, init='k-means++', max_iter=300,
       n_clusters=4, n_init=10, n_jobs=-1, precompute_distances='deprecated',
       random_state=123, tol=0.0001, verbose=0)
2021-04-02 13:09:03,728:INFO:create_model() succesfully completed......................................
2021-04-02 13:09:33,284:INFO:Initializing create_model()
2021-04-02 13:09:33,285:INFO:create_model(estimator=kmodes, num_clusters=6, fraction=0.05, ground_truth=None, round=4, fit_kwargs=None, verbose=True, system=True, raise_num_clusters=False, display=None, kwargs={})
2021-04-02 13:09:33,285:INFO:Checking exceptions
2021-04-02 13:09:33,285:INFO:Preparing display monitor
2021-04-02 13:09:33,298:INFO:Importing libraries
2021-04-02 13:09:33,305:INFO:Importing untrained model
2021-04-02 13:09:33,310:INFO:K-Modes Clustering Imported succesfully
2021-04-02 13:09:33,317:INFO:Fitting Model
2021-04-02 13:09:34,501:INFO:KModes(cat_dissim=<function matching_dissim at 0x000001F857725700>, init='Cao',
       max_iter=100, n_clusters=6, n_init=1, n_jobs=-1, random_state=123,
       verbose=0)
2021-04-02 13:09:34,501:INFO:create_models() succesfully completed......................................
2021-04-02 13:09:34,502:INFO:Uploading results into container
2021-04-02 13:09:34,505:INFO:Uploading model into container now
2021-04-02 13:09:34,510:INFO:create_model_container: 2
2021-04-02 13:09:34,511:INFO:master_model_container: 2
2021-04-02 13:09:34,511:INFO:display_container: 3
2021-04-02 13:09:34,511:INFO:KModes(cat_dissim=<function matching_dissim at 0x000001F857725700>, init='Cao',
       max_iter=100, n_clusters=6, n_init=1, n_jobs=-1, random_state=123,
       verbose=0)
2021-04-02 13:09:34,511:INFO:create_model() succesfully completed......................................
2021-04-02 13:09:54,915:INFO:gpu_param set to False
2021-04-02 13:10:16,229:INFO:Initializing assign_model()
2021-04-02 13:10:16,229:INFO:assign_model(model=KMeans(algorithm='auto', copy_x=True, init='k-means++', max_iter=300,
       n_clusters=4, n_init=10, n_jobs=-1, precompute_distances='deprecated',
       random_state=123, tol=0.0001, verbose=0), transformation=False, score=True, verbose=True)
2021-04-02 13:10:16,229:INFO:Checking exceptions
2021-04-02 13:10:16,229:INFO:Determining Trained Model
2021-04-02 13:10:16,229:INFO:Trained Model : K-Means Clustering
2021-04-02 13:10:16,229:INFO:Copying data
2021-04-02 13:10:16,230:INFO:(156, 10)
2021-04-02 13:10:16,230:INFO:assign_model() succesfully completed......................................
2021-04-02 13:10:51,579:INFO:Initializing plot_model()
2021-04-02 13:10:51,580:INFO:plot_model(plot=cluster, fold=None, use_train_data=False, verbose=True, display=None, estimator=KMeans(algorithm='auto', copy_x=True, init='k-means++', max_iter=300,
       n_clusters=4, n_init=10, n_jobs=-1, precompute_distances='deprecated',
       random_state=123, tol=0.0001, verbose=0), feature_name=None, fit_kwargs=None, groups=None, label=False, save=False, scale=1, system=True)
2021-04-02 13:10:51,580:INFO:Checking exceptions
2021-04-02 13:10:51,580:INFO:Preparing display monitor
2021-04-02 13:10:51,585:INFO:Preloading libraries
2021-04-02 13:10:51,586:INFO:Copying training dataset
2021-04-02 13:10:51,586:INFO:Plot type: cluster
2021-04-02 13:10:51,665:INFO:SubProcess assign_model() called ==================================
2021-04-02 13:10:51,666:INFO:Initializing assign_model()
2021-04-02 13:10:51,666:INFO:assign_model(model=Pipeline(memory=None,
         steps=[('empty_step', 'passthrough'),
                ('actual_estimator',
                 KMeans(algorithm='auto', copy_x=True, init='k-means++',
                        max_iter=300, n_clusters=4, n_init=10, n_jobs=-1,
                        precompute_distances='deprecated', random_state=123,
                        tol=0.0001, verbose=0))],
         verbose=False), transformation=True, score=True, verbose=False)
2021-04-02 13:10:51,666:INFO:Checking exceptions
2021-04-02 13:10:51,667:INFO:Determining Trained Model
2021-04-02 13:10:51,667:INFO:Trained Model : K-Means Clustering
2021-04-02 13:10:51,667:INFO:Copying data
2021-04-02 13:10:51,667:INFO:Transformation param set to True. Assigned clusters are attached on transformed dataset.
2021-04-02 13:10:51,667:INFO:(156, 164)
2021-04-02 13:10:51,667:INFO:assign_model() succesfully completed......................................
2021-04-02 13:10:51,667:INFO:SubProcess assign_model() end ==================================
2021-04-02 13:10:51,669:INFO:Fitting PCA()
2021-04-02 13:10:51,697:INFO:Sorting dataframe
2021-04-02 13:10:51,699:INFO:Rendering Visual
2021-04-02 13:10:51,843:INFO:Visual Rendered Successfully
2021-04-02 13:10:51,916:INFO:plot_model() succesfully completed......................................
2021-04-02 13:11:58,391:INFO:Initializing plot_model()
2021-04-02 13:11:58,391:INFO:plot_model(plot=elbow, fold=None, use_train_data=False, verbose=True, display=None, estimator=KMeans(algorithm='auto', copy_x=True, init='k-means++', max_iter=300,
       n_clusters=4, n_init=10, n_jobs=-1, precompute_distances='deprecated',
       random_state=123, tol=0.0001, verbose=0), feature_name=None, fit_kwargs=None, groups=None, label=False, save=False, scale=1, system=True)
2021-04-02 13:11:58,392:INFO:Checking exceptions
2021-04-02 13:11:58,392:INFO:Preparing display monitor
2021-04-02 13:11:58,397:INFO:Preloading libraries
2021-04-02 13:11:58,398:INFO:Copying training dataset
2021-04-02 13:11:58,398:INFO:Plot type: elbow
2021-04-02 13:11:58,415:INFO:Fitting Model
2021-04-02 13:11:59,159:INFO:Visual Rendered Successfully
2021-04-02 13:11:59,230:INFO:plot_model() succesfully completed......................................
2021-04-02 13:12:15,920:INFO:Initializing plot_model()
2021-04-02 13:12:15,920:INFO:plot_model(plot=silhouette, fold=None, use_train_data=False, verbose=True, display=None, estimator=KMeans(algorithm='auto', copy_x=True, init='k-means++', max_iter=300,
       n_clusters=4, n_init=10, n_jobs=-1, precompute_distances='deprecated',
       random_state=123, tol=0.0001, verbose=0), feature_name=None, fit_kwargs=None, groups=None, label=False, save=False, scale=1, system=True)
2021-04-02 13:12:15,920:INFO:Checking exceptions
2021-04-02 13:12:15,920:INFO:Preparing display monitor
2021-04-02 13:12:15,926:INFO:Preloading libraries
2021-04-02 13:12:15,927:INFO:Copying training dataset
2021-04-02 13:12:15,927:INFO:Plot type: silhouette
2021-04-02 13:12:15,929:INFO:Fitting Model
2021-04-02 13:12:16,090:INFO:Visual Rendered Successfully
2021-04-02 13:12:16,168:INFO:plot_model() succesfully completed......................................
2021-04-02 13:13:41,171:INFO:Initializing plot_model()
2021-04-02 13:13:41,171:INFO:plot_model(plot=distribution, fold=None, use_train_data=False, verbose=True, display=None, estimator=KMeans(algorithm='auto', copy_x=True, init='k-means++', max_iter=300,
       n_clusters=4, n_init=10, n_jobs=-1, precompute_distances='deprecated',
       random_state=123, tol=0.0001, verbose=0), feature_name=None, fit_kwargs=None, groups=None, label=False, save=False, scale=1, system=True)
2021-04-02 13:13:41,171:INFO:Checking exceptions
2021-04-02 13:13:41,172:INFO:Preparing display monitor
2021-04-02 13:13:41,177:INFO:Preloading libraries
2021-04-02 13:13:41,178:INFO:Copying training dataset
2021-04-02 13:13:41,179:INFO:Plot type: distribution
2021-04-02 13:13:41,179:INFO:SubProcess assign_model() called ==================================
2021-04-02 13:13:41,180:INFO:Initializing assign_model()
2021-04-02 13:13:41,180:INFO:assign_model(model=Pipeline(memory=None,
         steps=[('empty_step', 'passthrough'),
                ('actual_estimator',
                 KMeans(algorithm='auto', copy_x=True, init='k-means++',
                        max_iter=300, n_clusters=4, n_init=10, n_jobs=-1,
                        precompute_distances='deprecated', random_state=123,
                        tol=0.0001, verbose=0))],
         verbose=False), transformation=False, score=True, verbose=False)
2021-04-02 13:13:41,180:INFO:Checking exceptions
2021-04-02 13:13:41,180:INFO:Determining Trained Model
2021-04-02 13:13:41,181:INFO:Trained Model : K-Means Clustering
2021-04-02 13:13:41,181:INFO:Copying data
2021-04-02 13:13:41,182:INFO:(156, 10)
2021-04-02 13:13:41,182:INFO:assign_model() succesfully completed......................................
2021-04-02 13:13:41,182:INFO:SubProcess assign_model() end ==================================
2021-04-02 13:13:41,182:INFO:Sorting dataframe
2021-04-02 13:13:41,185:INFO:Rendering Visual
2021-04-02 13:13:41,300:INFO:Visual Rendered Successfully
2021-04-02 13:13:41,379:INFO:plot_model() succesfully completed......................................
2021-04-02 13:14:08,421:INFO:Initializing plot_model()
2021-04-02 13:14:08,421:INFO:plot_model(plot=distribution, fold=None, use_train_data=False, verbose=True, display=None, estimator=KMeans(algorithm='auto', copy_x=True, init='k-means++', max_iter=300,
       n_clusters=4, n_init=10, n_jobs=-1, precompute_distances='deprecated',
       random_state=123, tol=0.0001, verbose=0), feature_name=class, fit_kwargs=None, groups=None, label=False, save=False, scale=1, system=True)
2021-04-02 13:14:08,421:INFO:Checking exceptions
2021-04-02 13:14:08,421:INFO:Preparing display monitor
2021-04-02 13:14:08,426:INFO:Preloading libraries
2021-04-02 13:14:08,427:INFO:Copying training dataset
2021-04-02 13:14:08,428:INFO:Plot type: distribution
2021-04-02 13:14:08,428:INFO:SubProcess assign_model() called ==================================
2021-04-02 13:14:08,429:INFO:Initializing assign_model()
2021-04-02 13:14:08,429:INFO:assign_model(model=Pipeline(memory=None,
         steps=[('empty_step', 'passthrough'),
                ('actual_estimator',
                 KMeans(algorithm='auto', copy_x=True, init='k-means++',
                        max_iter=300, n_clusters=4, n_init=10, n_jobs=-1,
                        precompute_distances='deprecated', random_state=123,
                        tol=0.0001, verbose=0))],
         verbose=False), transformation=False, score=True, verbose=False)
2021-04-02 13:14:08,430:INFO:Checking exceptions
2021-04-02 13:14:08,430:INFO:Determining Trained Model
2021-04-02 13:14:08,430:INFO:Trained Model : K-Means Clustering
2021-04-02 13:14:08,430:INFO:Copying data
2021-04-02 13:14:08,431:INFO:(156, 10)
2021-04-02 13:14:08,431:INFO:assign_model() succesfully completed......................................
2021-04-02 13:14:08,431:INFO:SubProcess assign_model() end ==================================
2021-04-02 13:14:08,431:INFO:Sorting dataframe
2021-04-02 13:14:08,434:INFO:Rendering Visual
2021-04-02 13:17:21,171:INFO:Initializing load_model()
2021-04-02 13:17:21,171:INFO:load_model(model_name=Final KMeans Model 2Apr2021, platform=None, authentication=None, verbose=True)
